<?xml version="1.0" encoding="UTF-8"?>
<!-- Generated by org.testng.reporters.JUnitXMLReporter -->
<testsuite ignored="0" hostname="LAPTOP-EO7B0BDK" failures="0" tests="2" name="BankingApp Test" time="22.9" errors="0" timestamp="2022-07-07T08:03:07 EDT">
  <testcase classname="com.inetbanking.testcases.TC_AddCustomer_003" name="addNewCustomer" time="9.237"/>
  <testcase classname="com.inetbanking.testcases.TC_EditCutomer_004" name="editCustomer" time="7.685"/>
</testsuite> <!-- BankingApp Test -->
