<?xml version="1.0" encoding="UTF-8"?>
<!-- Generated by org.testng.reporters.JUnitXMLReporter -->
<testsuite ignored="0" hostname="LAPTOP-EO7B0BDK" failures="0" tests="2" name="BankingApp Test" time="34.343" errors="0" timestamp="2022-07-07T06:38:25 EDT">
  <testcase classname="com.inetbanking.testcases.TC_LoginTest_001" name="loginTest" time="2.546"/>
  <testcase classname="com.inetbanking.testcases.TC_AddCustomer_003" name="addNewCustomer" time="9.481"/>
</testsuite> <!-- BankingApp Test -->
