<?xml version="1.0" encoding="UTF-8"?>
<testng-results ignored="0" total="1" passed="1" failed="0" skipped="0">
  <reporter-output>
  </reporter-output>
  <suite started-at="2022-07-02T07:07:06 EDT" name="InetBankingV1" finished-at="2022-07-02T07:07:11 EDT" duration-ms="5309">
    <groups>
    </groups>
    <test started-at="2022-07-02T07:07:06 EDT" name="BankingApp Test" finished-at="2022-07-02T07:07:11 EDT" duration-ms="5309">
      <class name="com.inetbanking.testcases.TC_LoginTest_001">
        <test-method is-config="true" signature="setup(java.lang.String)[pri:0, instance:com.inetbanking.testcases.TC_LoginTest_001@229d10bd]" started-at="2022-07-02T07:07:06 EDT" name="setup" finished-at="2022-07-02T07:07:10 EDT" duration-ms="3926" status="PASS">
          <params>
            <param index="0">
              <value>
                <![CDATA[chrome]]>
              </value>
            </param>
          </params>
          <reporter-output>
          </reporter-output>
        </test-method> <!-- setup -->
        <test-method signature="loginTest()[pri:0, instance:com.inetbanking.testcases.TC_LoginTest_001@229d10bd]" started-at="2022-07-02T07:07:10 EDT" name="loginTest" finished-at="2022-07-02T07:07:11 EDT" duration-ms="1009" status="PASS">
          <reporter-output>
          </reporter-output>
        </test-method> <!-- loginTest -->
        <test-method is-config="true" signature="teardown()[pri:0, instance:com.inetbanking.testcases.TC_LoginTest_001@229d10bd]" started-at="2022-07-02T07:07:11 EDT" name="teardown" finished-at="2022-07-02T07:07:11 EDT" duration-ms="128" status="PASS">
          <reporter-output>
          </reporter-output>
        </test-method> <!-- teardown -->
      </class> <!-- com.inetbanking.testcases.TC_LoginTest_001 -->
    </test> <!-- BankingApp Test -->
  </suite> <!-- InetBankingV1 -->
</testng-results>
