<?xml version="1.0" encoding="UTF-8"?>
<testng-results ignored="0" total="2" passed="2" failed="0" skipped="0">
  <reporter-output>
  </reporter-output>
  <suite started-at="2022-07-07T06:37:51 EDT" name="InetBankingV1" finished-at="2022-07-07T06:38:25 EDT" duration-ms="34343">
    <groups>
    </groups>
    <test started-at="2022-07-07T06:37:51 EDT" name="BankingApp Test" finished-at="2022-07-07T06:38:25 EDT" duration-ms="34343">
      <class name="com.inetbanking.testcases.TC_AddCustomer_003">
        <test-method is-config="true" signature="setup(java.lang.String)[pri:0, instance:com.inetbanking.testcases.TC_AddCustomer_003@63a65a25]" started-at="2022-07-07T06:38:13 EDT" name="setup" finished-at="2022-07-07T06:38:15 EDT" duration-ms="2609" status="PASS">
          <params>
            <param index="0">
              <value>
                <![CDATA[chrome]]>
              </value>
            </param>
          </params>
          <reporter-output>
          </reporter-output>
        </test-method> <!-- setup -->
        <test-method signature="addNewCustomer()[pri:0, instance:com.inetbanking.testcases.TC_AddCustomer_003@63a65a25]" started-at="2022-07-07T06:38:15 EDT" name="addNewCustomer" finished-at="2022-07-07T06:38:25 EDT" duration-ms="9481" status="PASS">
          <reporter-output>
          </reporter-output>
        </test-method> <!-- addNewCustomer -->
        <test-method is-config="true" signature="teardown()[pri:0, instance:com.inetbanking.testcases.TC_AddCustomer_003@63a65a25]" started-at="2022-07-07T06:38:25 EDT" name="teardown" finished-at="2022-07-07T06:38:25 EDT" duration-ms="151" status="PASS">
          <reporter-output>
          </reporter-output>
        </test-method> <!-- teardown -->
      </class> <!-- com.inetbanking.testcases.TC_AddCustomer_003 -->
      <class name="com.inetbanking.testcases.TC_LoginTest_001">
        <test-method is-config="true" signature="setup(java.lang.String)[pri:0, instance:com.inetbanking.testcases.TC_LoginTest_001@7a4ccb53]" started-at="2022-07-07T06:37:51 EDT" name="setup" finished-at="2022-07-07T06:38:10 EDT" duration-ms="19178" status="PASS">
          <params>
            <param index="0">
              <value>
                <![CDATA[chrome]]>
              </value>
            </param>
          </params>
          <reporter-output>
          </reporter-output>
        </test-method> <!-- setup -->
        <test-method signature="loginTest()[pri:0, instance:com.inetbanking.testcases.TC_LoginTest_001@7a4ccb53]" started-at="2022-07-07T06:38:10 EDT" name="loginTest" finished-at="2022-07-07T06:38:13 EDT" duration-ms="2546" status="PASS">
          <reporter-output>
          </reporter-output>
        </test-method> <!-- loginTest -->
        <test-method is-config="true" signature="teardown()[pri:0, instance:com.inetbanking.testcases.TC_LoginTest_001@7a4ccb53]" started-at="2022-07-07T06:38:13 EDT" name="teardown" finished-at="2022-07-07T06:38:13 EDT" duration-ms="134" status="PASS">
          <reporter-output>
          </reporter-output>
        </test-method> <!-- teardown -->
      </class> <!-- com.inetbanking.testcases.TC_LoginTest_001 -->
    </test> <!-- BankingApp Test -->
  </suite> <!-- InetBankingV1 -->
</testng-results>
