<?xml version="1.0" encoding="UTF-8"?>
<testng-results ignored="0" total="1" passed="1" failed="0" skipped="0">
  <reporter-output>
  </reporter-output>
  <suite started-at="2022-06-29T07:31:32 EDT" name="InetBankingV1" finished-at="2022-06-29T07:31:48 EDT" duration-ms="16063">
    <groups>
    </groups>
    <test started-at="2022-06-29T07:31:32 EDT" name="BankingApp Test" finished-at="2022-06-29T07:31:48 EDT" duration-ms="16063">
      <class name="com.inetbanking.testcases.TC_AddCustomer_003">
        <test-method is-config="true" signature="setup(java.lang.String)[pri:0, instance:com.inetbanking.testcases.TC_AddCustomer_003@2d3379b4]" started-at="2022-06-29T07:31:32 EDT" name="setup" finished-at="2022-06-29T07:31:36 EDT" duration-ms="3563" status="PASS">
          <params>
            <param index="0">
              <value>
                <![CDATA[chrome]]>
              </value>
            </param>
          </params>
          <reporter-output>
          </reporter-output>
        </test-method> <!-- setup -->
        <test-method signature="addNewCustomer()[pri:0, instance:com.inetbanking.testcases.TC_AddCustomer_003@2d3379b4]" started-at="2022-06-29T07:31:36 EDT" name="addNewCustomer" finished-at="2022-06-29T07:31:48 EDT" duration-ms="12098" status="PASS">
          <reporter-output>
          </reporter-output>
        </test-method> <!-- addNewCustomer -->
        <test-method is-config="true" signature="teardown()[pri:0, instance:com.inetbanking.testcases.TC_AddCustomer_003@2d3379b4]" started-at="2022-06-29T07:31:48 EDT" name="teardown" finished-at="2022-06-29T07:31:48 EDT" duration-ms="170" status="PASS">
          <reporter-output>
          </reporter-output>
        </test-method> <!-- teardown -->
      </class> <!-- com.inetbanking.testcases.TC_AddCustomer_003 -->
    </test> <!-- BankingApp Test -->
  </suite> <!-- InetBankingV1 -->
</testng-results>
