<?xml version="1.0" encoding="UTF-8"?>
<testng-results ignored="0" total="2" passed="2" failed="0" skipped="0">
  <reporter-output>
  </reporter-output>
  <suite started-at="2022-07-07T08:02:44 EDT" name="InetBankingV1" finished-at="2022-07-07T08:03:07 EDT" duration-ms="22900">
    <groups>
    </groups>
    <test started-at="2022-07-07T08:02:44 EDT" name="BankingApp Test" finished-at="2022-07-07T08:03:07 EDT" duration-ms="22900">
      <class name="com.inetbanking.testcases.TC_EditCutomer_004">
        <test-method is-config="true" signature="setup(java.lang.String)[pri:0, instance:com.inetbanking.testcases.TC_EditCutomer_004@6c6cb480]" started-at="2022-07-07T08:02:56 EDT" name="setup" finished-at="2022-07-07T08:02:59 EDT" duration-ms="2450" status="PASS">
          <params>
            <param index="0">
              <value>
                <![CDATA[chrome]]>
              </value>
            </param>
          </params>
          <reporter-output>
          </reporter-output>
        </test-method> <!-- setup -->
        <test-method signature="editCustomer()[pri:0, instance:com.inetbanking.testcases.TC_EditCutomer_004@6c6cb480]" started-at="2022-07-07T08:02:59 EDT" name="editCustomer" finished-at="2022-07-07T08:03:06 EDT" duration-ms="7685" status="PASS">
          <reporter-output>
          </reporter-output>
        </test-method> <!-- editCustomer -->
        <test-method is-config="true" signature="teardown()[pri:0, instance:com.inetbanking.testcases.TC_EditCutomer_004@6c6cb480]" started-at="2022-07-07T08:03:06 EDT" name="teardown" finished-at="2022-07-07T08:03:07 EDT" duration-ms="148" status="PASS">
          <reporter-output>
          </reporter-output>
        </test-method> <!-- teardown -->
      </class> <!-- com.inetbanking.testcases.TC_EditCutomer_004 -->
      <class name="com.inetbanking.testcases.TC_AddCustomer_003">
        <test-method is-config="true" signature="setup(java.lang.String)[pri:0, instance:com.inetbanking.testcases.TC_AddCustomer_003@62379589]" started-at="2022-07-07T08:02:44 EDT" name="setup" finished-at="2022-07-07T08:02:47 EDT" duration-ms="3007" status="PASS">
          <params>
            <param index="0">
              <value>
                <![CDATA[chrome]]>
              </value>
            </param>
          </params>
          <reporter-output>
          </reporter-output>
        </test-method> <!-- setup -->
        <test-method signature="addNewCustomer()[pri:0, instance:com.inetbanking.testcases.TC_AddCustomer_003@62379589]" started-at="2022-07-07T08:02:47 EDT" name="addNewCustomer" finished-at="2022-07-07T08:02:56 EDT" duration-ms="9237" status="PASS">
          <reporter-output>
          </reporter-output>
        </test-method> <!-- addNewCustomer -->
        <test-method is-config="true" signature="teardown()[pri:0, instance:com.inetbanking.testcases.TC_AddCustomer_003@62379589]" started-at="2022-07-07T08:02:56 EDT" name="teardown" finished-at="2022-07-07T08:02:56 EDT" duration-ms="129" status="PASS">
          <reporter-output>
          </reporter-output>
        </test-method> <!-- teardown -->
      </class> <!-- com.inetbanking.testcases.TC_AddCustomer_003 -->
    </test> <!-- BankingApp Test -->
  </suite> <!-- InetBankingV1 -->
</testng-results>
